[    0.000000] Linux version 4.15.0-206-generic (buildd@lcy02-amd64-070) (gcc version 7.5.0 (Ubuntu 7.5.0-3ubuntu1~18.04)) #217-Ubuntu SMP Fri Feb 3 19:10:13 UTC 2023 (Ubuntu 4.15.0-206.217-generic 4.15.18)
[    0.000000] Command line: BOOT_IMAGE=/boot/vmlinuz-4.15.0-206-generic root=UUID=0494c714-de99-4517-9078-cf36d4f72f60 ro console=tty1 console=ttyS0
[    0.000000] KERNEL supported cpus:
[    0.000000]   Intel GenuineIntel
[    0.000000]   AMD AuthenticAMD
[    0.000000]   Centaur CentaurHauls
[    0.000000] x86/fpu: Supporting XSAVE feature 0x001: 'x87 floating point registers'
[    0.000000] x86/fpu: Supporting XSAVE feature 0x002: 'SSE registers'
[    0.000000] x86/fpu: Supporting XSAVE feature 0x004: 'AVX registers'
[    0.000000] x86/fpu: xstate_offset[2]:  576, xstate_sizes[2]:  256
[    0.000000] x86/fpu: Enabled xstate features 0x7, context size is 832 bytes, using 'standard' format.
[    0.000000] e820: BIOS-provided physical RAM map:
[    0.000000] BIOS-e820: [mem 0x0000000000000000-0x000000000009fbff] usable
[    0.000000] BIOS-e820: [mem 0x000000000009fc00-0x000000000009ffff] reserved
[    0.000000] BIOS-e820: [mem 0x00000000000f0000-0x00000000000fffff] reserved
[    0.000000] BIOS-e820: [mem 0x0000000000100000-0x000000007ffeffff] usable
[    0.000000] BIOS-e820: [mem 0x000000007fff0000-0x000000007fffffff] ACPI data
[    0.000000] BIOS-e820: [mem 0x00000000fec00000-0x00000000fec00fff] reserved
[    0.000000] BIOS-e820: [mem 0x00000000fee00000-0x00000000fee00fff] reserved
[    0.000000] BIOS-e820: [mem 0x00000000fffc0000-0x00000000ffffffff] reserved
[    0.000000] NX (Execute Disable) protection: active
[    0.000000] SMBIOS 2.5 present.
[    0.000000] DMI: innotek GmbH VirtualBox/VirtualBox, BIOS VirtualBox 12/01/2006
[    0.000000] Hypervisor detected: KVM
[    0.000000] e820: last_pfn = 0x7fff0 max_arch_pfn = 0x400000000
[    0.000000] MTRR: Disabled
[    0.000000] x86/PAT: MTRRs disabled, skipping PAT initialization too.
[    0.000000] CPU MTRRs all blank - virtualized system.
[    0.000000] x86/PAT: Configuration [0-7]: WB  WT  UC- UC  WB  WT  UC- UC  
[    0.000000] found SMP MP-table at [mem 0x0009fff0-0x0009ffff]
[    0.000000] Scanning 1 areas for low memory corruption
[    0.000000] RAMDISK: [mem 0x3581b000-0x36c04fff]
[    0.000000] ACPI: Early table checksum verification disabled
[    0.000000] ACPI: RSDP 0x00000000000E0000 000024 (v02 VBOX  )
[    0.000000] ACPI: XSDT 0x000000007FFF0030 00003C (v01 VBOX   VBOXXSDT 00000001 ASL  00000061)
[    0.000000] ACPI: FACP 0x000000007FFF00F0 0000F4 (v04 VBOX   VBOXFACP 00000001 ASL  00000061)
[    0.000000] ACPI: DSDT 0x000000007FFF0470 002325 (v02 VBOX   VBOXBIOS 00000002 INTL 20100528)
[    0.000000] ACPI: FACS 0x000000007FFF0200 000040
[    0.000000] ACPI: FACS 0x000000007FFF0200 000040
[    0.000000] ACPI: APIC 0x000000007FFF0240 00005C (v02 VBOX   VBOXAPIC 00000001 ASL  00000061)
[    0.000000] ACPI: SSDT 0x000000007FFF02A0 0001CC (v01 VBOX   VBOXCPUT 00000002 INTL 20100528)
[    0.000000] ACPI: Reserving FACP table memory at [mem 0x7fff00f0-0x7fff01e3]
[    0.000000] ACPI: Reserving DSDT table memory at [mem 0x7fff0470-0x7fff2794]
[    0.000000] ACPI: Reserving FACS table memory at [mem 0x7fff0200-0x7fff023f]
[    0.000000] ACPI: Reserving FACS table memory at [mem 0x7fff0200-0x7fff023f]
[    0.000000] ACPI: Reserving APIC table memory at [mem 0x7fff0240-0x7fff029b]
[    0.000000] ACPI: Reserving SSDT table memory at [mem 0x7fff02a0-0x7fff046b]
[    0.000000] No NUMA configuration found
[    0.000000] Faking a node at [mem 0x0000000000000000-0x000000007ffeffff]
[    0.000000] NODE_DATA(0) allocated [mem 0x7ffc5000-0x7ffeffff]
[    0.000000] kvm-clock: cpu 0, msr 0:7ff44001, primary cpu clock
[    0.000000] kvm-clock: Using msrs 4b564d01 and 4b564d00
[    0.000000] kvm-clock: using sched offset of 5422269054 cycles
[    0.000000] clocksource: kvm-clock: mask: 0xffffffffffffffff max_cycles: 0x1cd42e4dffb, max_idle_ns: 881590591483 ns
[    0.000000] Zone ranges:
[    0.000000]   DMA      [mem 0x0000000000001000-0x0000000000ffffff]
[    0.000000]   DMA32    [mem 0x0000000001000000-0x000000007ffeffff]
[    0.000000]   Normal   empty
[    0.000000]   Device   empty
[    0.000000] Movable zone start for each node
[    0.000000] Early memory node ranges
[    0.000000]   node   0: [mem 0x0000000000001000-0x000000000009efff]
[    0.000000]   node   0: [mem 0x0000000000100000-0x000000007ffeffff]
[    0.000000] Reserved but unavailable: 104 pages
[    0.000000] Initmem setup node 0 [mem 0x0000000000001000-0x000000007ffeffff]
[    0.000000] ACPI: PM-Timer IO Port: 0x4008
[    0.000000] IOAPIC[0]: apic_id 2, version 32, address 0xfec00000, GSI 0-23
[    0.000000] ACPI: INT_SRC_OVR (bus 0 bus_irq 0 global_irq 2 dfl dfl)
[    0.000000] ACPI: INT_SRC_OVR (bus 0 bus_irq 9 global_irq 9 low level)
[    0.000000] Using ACPI (MADT) for SMP configuration information
[    0.000000] smpboot: Allowing 2 CPUs, 0 hotplug CPUs
[    0.000000] PM: Registered nosave memory: [mem 0x00000000-0x00000fff]
[    0.000000] PM: Registered nosave memory: [mem 0x0009f000-0x0009ffff]
[    0.000000] PM: Registered nosave memory: [mem 0x000a0000-0x000effff]
[    0.000000] PM: Registered nosave memory: [mem 0x000f0000-0x000fffff]
[    0.000000] e820: [mem 0x80000000-0xfebfffff] available for PCI devices
[    0.000000] Booting paravirtualized kernel on KVM
[    0.000000] clocksource: refined-jiffies: mask: 0xffffffff max_cycles: 0xffffffff, max_idle_ns: 7645519600211568 ns
[    0.000000] setup_percpu: NR_CPUS:8192 nr_cpumask_bits:2 nr_cpu_ids:2 nr_node_ids:1
[    0.000000] percpu: Embedded 50 pages/cpu s167936 r8192 d28672 u1048576
[    0.000000] PV qspinlock hash table entries: 256 (order: 0, 4096 bytes)
[    0.000000] Built 1 zonelists, mobility grouping on.  Total pages: 515961
[    0.000000] Policy zone: DMA32
[    0.000000] Kernel command line: BOOT_IMAGE=/boot/vmlinuz-4.15.0-206-generic root=UUID=0494c714-de99-4517-9078-cf36d4f72f60 ro console=tty1 console=ttyS0
[    0.000000] Memory: 2013972K/2096696K available (12300K kernel code, 2477K rwdata, 4324K rodata, 2480K init, 2720K bss, 82724K reserved, 0K cma-reserved)
[    0.000000] SLUB: HWalign=64, Order=0-3, MinObjects=0, CPUs=2, Nodes=1
[    0.000000] ftrace: allocating 39485 entries in 155 pages
[    0.004000] Hierarchical RCU implementation.
[    0.004000] 	RCU restricting CPUs from NR_CPUS=8192 to nr_cpu_ids=2.
[    0.004000] 	Tasks RCU enabled.
[    0.004000] RCU: Adjusting geometry for rcu_fanout_leaf=16, nr_cpu_ids=2
[    0.004000] NR_IRQS: 524544, nr_irqs: 440, preallocated irqs: 16
[    0.004000] random: crng init done
[    0.004000] Console: colour VGA+ 80x25
[    0.004000] console [tty1] enabled
[    0.004000] console [ttyS0] enabled
[    0.004000] ACPI: Core revision 20170831
[    0.004000] ACPI: 2 ACPI AML tables successfully acquired and loaded
[    0.004000] APIC: Switch to symmetric I/O mode setup
[    0.004000] x2apic enabled
[    0.004000] Switched APIC routing to physical x2apic.
[    0.004000] ..TIMER: vector=0x30 apic1=0 pin1=2 apic2=-1 pin2=-1
[    0.004009] tsc: Detected 2995.202 MHz processor
[    0.008015] Calibrating delay loop (skipped) preset value.. 5990.40 BogoMIPS (lpj=11980808)
[    0.009951] pid_max: default: 32768 minimum: 301
[    0.011019] Security Framework initialized
[    0.012004] Yama: becoming mindful.
[    0.012851] AppArmor: AppArmor initialized
[    0.016236] Dentry cache hash table entries: 262144 (order: 9, 2097152 bytes)
[    0.024019] Inode-cache hash table entries: 131072 (order: 8, 1048576 bytes)
[    0.028029] Mount-cache hash table entries: 4096 (order: 3, 32768 bytes)
[    0.029568] Mountpoint-cache hash table entries: 4096 (order: 3, 32768 bytes)
[    0.032957] Last level iTLB entries: 4KB 0, 2MB 0, 4MB 0
[    0.036030] Last level dTLB entries: 4KB 0, 2MB 0, 4MB 0, 1GB 0
[    0.037832] Spectre V1 : Mitigation: usercopy/swapgs barriers and __user pointer sanitization
[    0.040003] Spectre V2 : Mitigation: Retpolines
[    0.040975] Spectre V2 : Spectre v2 / SpectreRSB mitigation: Filling RSB on context switch
[    0.042779] Spectre V2 : Spectre v2 / SpectreRSB : Filling RSB on VMEXIT
[    0.044003] Speculative Store Bypass: Vulnerable
[    0.045456] Freeing SMP alternatives memory: 36K
[    0.159571] smpboot: CPU0: 11th Gen Intel(R) Core(TM) i7-1185G7 @ 3.00GHz (family: 0x6, model: 0x8c, stepping: 0x1)
[    0.160000] Performance Events: unsupported p6 CPU model 140 no PMU driver, software events only.
[    0.160070] Hierarchical SRCU implementation.
[    0.161918] NMI watchdog: Perf event create on CPU 0 failed with -2
[    0.164008] NMI watchdog: Perf NMI watchdog permanently disabled
[    0.165373] smp: Bringing up secondary CPUs ...
[    0.166721] x86: Booting SMP configuration:
[    0.168009] .... node  #0, CPUs:      #1
[    0.004000] kvm-clock: cpu 1, msr 0:7ff44041, secondary cpu clock
[    0.174964] smp: Brought up 1 node, 2 CPUs
[    0.174964] smpboot: Max logical packages: 1
[    0.176015] smpboot: Total of 2 processors activated (11980.80 BogoMIPS)
[    0.178090] devtmpfs: initialized
[    0.180083] x86/mm: Memory block size: 128MB
[    0.181589] evm: security.selinux
[    0.182779] evm: security.SMACK64
[    0.184013] evm: security.SMACK64EXEC
[    0.185216] evm: security.SMACK64TRANSMUTE
[    0.186513] evm: security.SMACK64MMAP
[    0.188006] evm: security.apparmor
[    0.189101] evm: security.ima
[    0.190070] evm: security.capability
[    0.192166] clocksource: jiffies: mask: 0xffffffff max_cycles: 0xffffffff, max_idle_ns: 7645041785100000 ns
[    0.194535] futex hash table entries: 512 (order: 3, 32768 bytes)
[    0.196088] pinctrl core: initialized pinctrl subsystem
[    0.198042] RTC time:  9:57:32, date: 04/11/23
[    0.200218] NET: Registered protocol family 16
[    0.201749] audit: initializing netlink subsys (disabled)
[    0.203150] audit: type=2000 audit(1681207059.455:1): state=initialized audit_enabled=0 res=1
[    0.204073] cpuidle: using governor ladder
[    0.208044] cpuidle: using governor menu
[    0.212100] ACPI: bus type PCI registered
[    0.213377] acpiphp: ACPI Hot Plug PCI Controller Driver version: 0.5
[    0.215466] PCI: Using configuration type 1 for base access
[    0.224041] HugeTLB registered 2.00 MiB page size, pre-allocated 0 pages
[    0.228165] ACPI: Added _OSI(Module Device)
[    0.229378] ACPI: Added _OSI(Processor Device)
[    0.230772] ACPI: Added _OSI(3.0 _SCP Extensions)
[    0.232009] ACPI: Added _OSI(Processor Aggregator Device)
[    0.233425] ACPI: Added _OSI(Linux-Dell-Video)
[    0.234542] ACPI: Added _OSI(Linux-Lenovo-NV-HDMI-Audio)
[    0.234542] ACPI: Added _OSI(Linux-HPI-Hybrid-Graphics)
[    0.234542] ACPI: Executed 1 blocks of module-level executable AML code
[    0.241246] ACPI: Interpreter enabled
[    0.242175] ACPI: (supports S0 S5)
[    0.243002] ACPI: Using IOAPIC for interrupt routing
[    0.244149] PCI: Using host bridge windows from ACPI; if necessary, use "pci=nocrs" and report a bug
[    0.246314] ACPI: Enabled 2 GPEs in block 00 to 07
[    0.256000] ACPI: PCI Root Bridge [PCI0] (domain 0000 [bus 00-ff])
[    0.264099] acpi PNP0A03:00: _OSC: OS supports [ASPM ClockPM Segments MSI]
[    0.272634] acpi PNP0A03:00: _OSC: not requesting OS control; OS requires [ExtendedConfig ASPM ClockPM MSI]
[    0.272634] acpi PNP0A03:00: fail to add MMCONFIG information, can't access extended PCI configuration space under this bridge.
[    0.276253] PCI host bridge to bus 0000:00
[    0.277444] pci_bus 0000:00: root bus resource [io  0x0000-0x0cf7 window]
[    0.279189] pci_bus 0000:00: root bus resource [io  0x0d00-0xffff window]
[    0.284009] pci_bus 0000:00: root bus resource [mem 0x000a0000-0x000bffff window]
[    0.285857] pci_bus 0000:00: root bus resource [mem 0x80000000-0xfdffffff window]
[    0.288004] pci_bus 0000:00: root bus resource [bus 00-ff]
[    0.290429] pci 0000:00:01.1: legacy IDE quirk: reg 0x10: [io  0x01f0-0x01f7]
[    0.292011] pci 0000:00:01.1: legacy IDE quirk: reg 0x14: [io  0x03f6]
[    0.293642] pci 0000:00:01.1: legacy IDE quirk: reg 0x18: [io  0x0170-0x0177]
[    0.295321] pci 0000:00:01.1: legacy IDE quirk: reg 0x1c: [io  0x0376]
[    0.338421] pci 0000:00:07.0: quirk: [io  0x4000-0x403f] claimed by PIIX4 ACPI
[    0.344035] pci 0000:00:07.0: quirk: [io  0x4100-0x410f] claimed by PIIX4 SMB
[    0.361544] ACPI: PCI Interrupt Link [LNKA] (IRQs 5 9 10 *11)
[    0.363594] ACPI: PCI Interrupt Link [LNKB] (IRQs 5 9 *10 11)
[    0.364690] ACPI: PCI Interrupt Link [LNKC] (IRQs 5 *9 10 11)
[    0.366461] ACPI: PCI Interrupt Link [LNKD] (IRQs 5 9 10 *11)
[    0.368527] SCSI subsystem initialized
[    0.372137] pci 0000:00:02.0: vgaarb: setting as boot VGA device
[    0.373876] pci 0000:00:02.0: vgaarb: VGA device added: decodes=io+mem,owns=io+mem,locks=none
[    0.376015] pci 0000:00:02.0: vgaarb: bridge control possible
[    0.377359] vgaarb: loaded
[    0.377359] ACPI: bus type USB registered
[    0.377359] usbcore: registered new interface driver usbfs
[    0.378577] usbcore: registered new interface driver hub
[    0.384068] usbcore: registered new device driver usb
[    0.396135] EDAC MC: Ver: 3.0.0
[    0.404248] PCI: Using ACPI for IRQ routing
[    0.412022] NetLabel: Initializing
[    0.412022] NetLabel:  domain hash size = 128
[    0.416007] NetLabel:  protocols = UNLABELED CIPSOv4 CALIPSO
[    0.417546] NetLabel:  unlabeled traffic allowed by default
[    0.417546] clocksource: Switched to clocksource kvm-clock
[    0.475843] VFS: Disk quotas dquot_6.6.0
[    0.476897] VFS: Dquot-cache hash table entries: 512 (order 0, 4096 bytes)
[    0.478602] AppArmor: AppArmor Filesystem Enabled
[    0.479742] pnp: PnP ACPI init
[    0.481790] pnp: PnP ACPI: found 3 devices
[    0.488735] clocksource: acpi_pm: mask: 0xffffff max_cycles: 0xffffff, max_idle_ns: 2085701024 ns
[    0.491248] NET: Registered protocol family 2
[    0.492723] IP idents hash table entries: 32768 (order: 6, 262144 bytes)
[    0.495305] TCP established hash table entries: 16384 (order: 5, 131072 bytes)
[    0.504699] TCP bind hash table entries: 16384 (order: 6, 262144 bytes)
[    0.506260] TCP: Hash tables configured (established 16384 bind 16384)
[    0.508062] UDP hash table entries: 1024 (order: 3, 32768 bytes)
[    0.509676] UDP-Lite hash table entries: 1024 (order: 3, 32768 bytes)
[    0.511187] NET: Registered protocol family 1
[    0.512239] pci 0000:00:00.0: Limiting direct PCI/PCI transfers
[    0.513705] pci 0000:00:01.0: Activating ISA DMA hang workarounds
[    0.515454] pci 0000:00:02.0: Video device with shadowed ROM at [mem 0x000c0000-0x000dffff]
[    0.521139] Unpacking initramfs...
[    2.318503] Freeing initrd memory: 20392K
[    2.323319] clocksource: tsc: mask: 0xffffffffffffffff max_cycles: 0x2b2c909a7c7, max_idle_ns: 440795208498 ns
[    2.336316] platform rtc_cmos: registered platform RTC device (no PNP device found)
[    2.341936] Scanning for low memory corruption every 60 seconds
[    2.347027] Initialise system trusted keyrings
[    2.348857] Key type blacklist registered
[    2.352216] workingset: timestamp_bits=36 max_order=19 bucket_order=0
[    2.357906] zbud: loaded
[    2.360938] squashfs: version 4.0 (2009/01/31) Phillip Lougher
[    2.366570] fuse init (API version 7.26)
[    2.386973] Key type asymmetric registered
[    2.389621] Asymmetric key parser 'x509' registered
[    2.391271] Block layer SCSI generic (bsg) driver version 0.4 loaded (major 246)
[    2.398344] io scheduler noop registered
[    2.401592] io scheduler deadline registered
[    2.405136] io scheduler cfq registered (default)
[    2.408199] ACPI: AC Adapter [AC] (on-line)
[    2.410389] input: Power Button as /devices/LNXSYSTM:00/LNXPWRBN:00/input/input0
[    2.418657] ACPI: Power Button [PWRF]
[    2.422281] input: Sleep Button as /devices/LNXSYSTM:00/LNXSLPBN:00/input/input1
[    2.424843] ACPI: Sleep Button [SLPF]
[    2.426320] Serial: 8250/16550 driver, 32 ports, IRQ sharing enabled
[    2.428706] ACPI: Battery Slot [BAT0] (battery present)
[    2.453297] 00:02: ttyS0 at I/O 0x3f8 (irq = 4, base_baud = 115200) is a 16550A
[    2.459647] Linux agpgart interface v0.103
[    2.467372] loop: module loaded
[    2.469761] scsi host0: ata_piix
[    2.471341] scsi host1: ata_piix
[    2.473034] ata1: PATA max UDMA/33 cmd 0x1f0 ctl 0x3f6 bmdma 0xd000 irq 14
[    2.475133] ata2: PATA max UDMA/33 cmd 0x170 ctl 0x376 bmdma 0xd008 irq 15
[    2.480740] tun: Universal TUN/TAP device driver, 1.6
[    2.482877] PPP generic driver version 2.4.2
[    2.485315] ehci_hcd: USB 2.0 'Enhanced' Host Controller (EHCI) Driver
[    2.490474] ehci-pci: EHCI PCI platform driver
[    2.496390] ehci-pci 0000:00:0b.0: EHCI Host Controller
[    2.499248] ehci-pci 0000:00:0b.0: new USB bus registered, assigned bus number 1
[    2.504300] ehci-pci 0000:00:0b.0: irq 19, io mem 0xf0805000
[    2.520761] ehci-pci 0000:00:0b.0: USB 2.0 started, EHCI 1.00
[    2.523363] usb usb1: New USB device found, idVendor=1d6b, idProduct=0002
[    2.525235] usb usb1: New USB device strings: Mfr=3, Product=2, SerialNumber=1
[    2.528842] usb usb1: Product: EHCI Host Controller
[    2.530284] usb usb1: Manufacturer: Linux 4.15.0-206-generic ehci_hcd
[    2.534231] usb usb1: SerialNumber: 0000:00:0b.0
[    2.536083] hub 1-0:1.0: USB hub found
[    2.539305] hub 1-0:1.0: 12 ports detected
[    2.542147] ehci-platform: EHCI generic platform driver
[    2.546297] ohci_hcd: USB 1.1 'Open' Host Controller (OHCI) Driver
[    2.549281] ohci-pci: OHCI PCI platform driver
[    2.555518] ohci-pci 0000:00:06.0: OHCI PCI host controller
[    2.557563] ohci-pci 0000:00:06.0: new USB bus registered, assigned bus number 2
[    2.560421] ohci-pci 0000:00:06.0: irq 22, io mem 0xf0804000
[    2.624913] usb usb2: New USB device found, idVendor=1d6b, idProduct=0001
[    2.626733] usb usb2: New USB device strings: Mfr=3, Product=2, SerialNumber=1
[    2.629549] usb usb2: Product: OHCI PCI host controller
[    2.631678] usb usb2: Manufacturer: Linux 4.15.0-206-generic ohci_hcd
[    2.634682] usb usb2: SerialNumber: 0000:00:06.0
[    2.636655] hub 2-0:1.0: USB hub found
[    2.637766] hub 2-0:1.0: 12 ports detected
[    2.639795] ohci-platform: OHCI generic platform driver
[    2.659057] uhci_hcd: USB Universal Host Controller Interface driver
[    2.664911] i8042: PNP: PS/2 Controller [PNP0303:PS2K,PNP0f03:PS2M] at 0x60,0x64 irq 1,12
[    2.673464] serio: i8042 KBD port at 0x60,0x64 irq 1
[    2.675251] serio: i8042 AUX port at 0x60,0x64 irq 12
[    2.678556] mousedev: PS/2 mouse device common for all mice
[    2.680904] input: AT Translated Set 2 keyboard as /devices/platform/i8042/serio0/input/input2
[    2.683605] rtc_cmos rtc_cmos: rtc core: registered rtc_cmos as rtc0
[    2.686195] rtc_cmos rtc_cmos: alarms up to one day, 114 bytes nvram
[    2.688024] i2c /dev entries driver
[    2.689524] device-mapper: uevent: version 1.0.3
[    2.693073] device-mapper: ioctl: 4.37.0-ioctl (2017-09-20) initialised: dm-devel@redhat.com
[    2.695789] ledtrig-cpu: registered to indicate activity on CPUs
[    2.698253] NET: Registered protocol family 10
[    2.709459] Segment Routing with IPv6
[    2.711171] NET: Registered protocol family 17
[    2.713523] Key type dns_resolver registered
[    2.727067] mce: Using 0 MCE banks
[    2.728390] RAS: Correctable Errors collector initialized.
[    2.730445] sched_clock: Marking stable (2728299828, 0)->(3049383083, -321083255)
[    2.734191] registered taskstats version 1
[    2.735975] Loading compiled-in X.509 certificates
[    2.742370] Loaded X.509 cert 'Build time autogenerated kernel key: 4d405f87ce750406625b929cd2e51cc76ab5bcf4'
[    2.747870] Loaded X.509 cert 'Canonical Ltd. Live Patch Signing: 14df34d1a87cf37625abec039ef2bf521249b969'
[    2.756087] Loaded X.509 cert 'Canonical Ltd. Kernel Module Signing: 88f752e560a1e0737e31163a466ad7b70a850c19'
[    2.761973] blacklist: Loading compiled-in revocation X.509 certificates
[    2.766521] Loaded X.509 cert 'Canonical Ltd. Secure Boot Signing: 61482aa2830d0ab2ad5af10b7250da9033ddcef0'
[    2.773320] Loaded X.509 cert 'Canonical Ltd. Secure Boot Signing (2017): 242ade75ac4a15e50d50c84b0d45ff3eae707a03'
[    2.778715] Loaded X.509 cert 'Canonical Ltd. Secure Boot Signing (ESM 2018): 365188c1d374d6b07c3c8f240f8ef722433d6a8b'
[    2.785811] Loaded X.509 cert 'Canonical Ltd. Secure Boot Signing (2019): c0746fd6c5da3ae827864651ad66ae47fe24b3e8'
[    2.799882] Loaded X.509 cert 'Canonical Ltd. Secure Boot Signing (2021 v1): a8d54bbb3825cfb94fa13c9f8a594a195c107b8d'
[    2.806346] Loaded X.509 cert 'Canonical Ltd. Secure Boot Signing (2021 v2): 4cf046892d6fd3c9a5b03f98d845f90851dc6a8c'
[    2.814495] Loaded X.509 cert 'Canonical Ltd. Secure Boot Signing (2021 v3): 100437bb6de6e469b581e61cd66bce3ef4ed53af'
[    2.822559] Loaded X.509 cert 'Canonical Ltd. Secure Boot Signing (Ubuntu Core 2019): c1d57b8f6b743f23ee41f4f7ee292f06eecadfb9'
[    2.828972] zswap: loaded using pool lzo/zbud
[    2.844279] Key type big_key registered
[    2.845875] Key type trusted registered
[    2.853979] Key type encrypted registered
[    2.855352] AppArmor: AppArmor sha1 policy hashing enabled
[    2.858697] ima: No TPM chip found, activating TPM-bypass! (rc=-19)
[    2.862544] ima: Allocated hash algorithm: sha1
[    2.867680] evm: HMAC attrs: 0x1
[    2.870695]   Magic number: 3:210:980
[    2.872685] rtc_cmos rtc_cmos: setting system clock to 2023-04-11 09:57:35 UTC (1681207055)
[    2.876129] BIOS EDD facility v0.16 2004-Jun-25, 0 devices found
[    2.879313] EDD information not available.
[    2.889941] Freeing unused kernel image memory: 2480K
[    2.913522] Write protecting the kernel read-only data: 20480k
[    2.920099] Freeing unused kernel image memory: 2008K
[    2.924042] Freeing unused kernel image memory: 1820K
[    2.947736] x86/mm: Checked W+X mappings: passed, no W+X pages found.
Loading, please wait...
starting version 237
[    3.205704] e1000: Intel(R) PRO/1000 Network Driver - version 7.3.21-k8-NAPI
[    3.210558] e1000: Copyright (c) 1999-2006 Intel Corporation.
[    3.251522] Fusion MPT base driver 3.04.20
[    3.255264] Copyright (c) 1999-2008 LSI Corporation
[    3.305822] AVX2 version of gcm_enc/dec engaged.
[    3.307319] AES CTR mode by8 optimization enabled
[    3.366556] Fusion MPT SPI Host driver 3.04.20
[    3.410752] input: ImExPS/2 Generic Explorer Mouse as /devices/platform/i8042/serio1/input/input4
[    3.905964] e1000 0000:00:03.0 eth0: (PCI:33MHz:32-bit) 02:36:1c:f2:a8:92
[    3.907309] e1000 0000:00:03.0 eth0: Intel(R) PRO/1000 Network Connection
[    3.910600] mptbase: ioc0: Initiating bringup
[    3.913799] e1000 0000:00:03.0 enp0s3: renamed from eth0
[    4.013199] ioc0: LSI53C1030 A0: Capabilities={Initiator}
[    4.266961] scsi host2: ioc0: LSI53C1030 A0, FwRev=00000000h, Ports=1, MaxQ=256, IRQ=20
[    4.437782] scsi 2:0:0:0: Direct-Access     VBOX     HARDDISK         1.0  PQ: 0 ANSI: 5
[    5.212848] scsi target2:0:0: Beginning Domain Validation
[    5.218879] scsi target2:0:0: Domain Validation skipping write tests
[    5.220629] scsi target2:0:0: Ending Domain Validation
[    5.221740] scsi target2:0:0: asynchronous
[    5.223373] scsi 2:0:1:0: Direct-Access     VBOX     HARDDISK         1.0  PQ: 0 ANSI: 5
[    5.362148] scsi target2:0:1: Beginning Domain Validation
[    5.367667] scsi target2:0:1: Domain Validation skipping write tests
[    5.368876] scsi target2:0:1: Ending Domain Validation
[    5.370146] scsi target2:0:1: asynchronous
[    5.374827] sd 2:0:0:0: Attached scsi generic sg0 type 0
[    5.376070] sd 2:0:0:0: [sda] 83886080 512-byte logical blocks: (42.9 GB/40.0 GiB)
[    5.376828] sd 2:0:1:0: [sdb] 20480 512-byte logical blocks: (10.5 MB/10.0 MiB)
[    5.382394] sd 2:0:1:0: [sdb] Write Protect is off
[    5.383302] sd 2:0:0:0: [sda] Write Protect is off
[    5.387148] sd 2:0:1:0: [sdb] Incomplete mode parameter data
[    5.387158] sd 2:0:1:0: Attached scsi generic sg1 type 0
[    5.388656] sd 2:0:1:0: [sdb] Assuming drive cache: write through
[    5.393872] sd 2:0:0:0: [sda] Incomplete mode parameter data
[    5.396890] sd 2:0:0:0: [sda] Assuming drive cache: write through
[    5.405567]  sda: sda1
[    5.406679] sd 2:0:1:0: [sdb] Attached SCSI disk
[    5.408111] sd 2:0:0:0: [sda] Attached SCSI disk
Begin: Loading essential drivers ... [    7.864424] raid6: sse2x1   gen()  6128 MB/s
[    7.912062] raid6: sse2x1   xor()  3143 MB/s
[    7.960378] raid6: sse2x2   gen()  8098 MB/s
[    8.008032] raid6: sse2x2   xor()  1834 MB/s
[    8.056040] raid6: sse2x4   gen()  8299 MB/s
[    8.104094] raid6: sse2x4   xor()  6528 MB/s
[    8.152174] raid6: avx2x1   gen() 10697 MB/s
[    8.203931] raid6: avx2x1   xor()  2425 MB/s
[    8.252377] raid6: avx2x2   gen() 21281 MB/s
[    8.300593] raid6: avx2x2   xor() 10584 MB/s
[    8.348474] raid6: avx2x4   gen() 20564 MB/s
[    8.396024] raid6: avx2x4   xor()  8392 MB/s
[    8.398258] raid6: using algorithm avx2x2 gen() 21281 MB/s
[    8.400174] raid6: .... xor() 10584 MB/s, rmw enabled
[    8.401309] raid6: using avx2x2 recovery algorithm
[    8.403858] xor: automatically using best checksumming function   avx       
[    8.408421] async_tx: api initialized (async)
done.
Begin: Running /scripts/init-premount ... done.
Begin: Mounting root file system ... Begin: Running /scripts/local-top ... done.
Begin: Running /scripts/local-premount ... [    8.479055] Btrfs loaded, crc32c=crc32c-intel
Scanning for Btrfs filesystems
done.
Begin: Will now check root file system ... fsck from util-linux 2.31.1
[/sbin/fsck.ext4 (1) -- /dev/sda1] fsck.ext4 -a -C0 /dev/sda1 
cloudimg-rootfs: recovering journal
cloudimg-rootfs: Clearing orphaned inode 1034450 (uid=1000, gid=1000, mode=0100664, size=4172)
cloudimg-rootfs: Clearing orphaned inode 1034451 (uid=1000, gid=1000, mode=0100664, size=4172)
cloudimg-rootfs: Clearing orphaned inode 1034454 (uid=1000, gid=1000, mode=0100664, size=32768)
cloudimg-rootfs: Clearing orphaned inode 1034453 (uid=1000, gid=1000, mode=0100600, size=1244)
cloudimg-rootfs: Clearing orphaned inode 1066704 (uid=1000, gid=1000, mode=0100664, size=4172)
cloudimg-rootfs: Clearing orphaned inode 1066699 (uid=1000, gid=1000, mode=0100664, size=4172)
cloudimg-rootfs: Clearing orphaned inode 1066705 (uid=1000, gid=1000, mode=0100664, size=4172)
cloudimg-rootfs: Clearing orphaned inode 1066693 (uid=1000, gid=1000, mode=0100664, size=4172)
cloudimg-rootfs: Clearing orphaned inode 1831 (uid=1000, gid=1000, mode=0100600, size=262144)
cloudimg-rootfs: Clearing orphaned inode 1783 (uid=114, gid=120, mode=0100600, size=51906)
cloudimg-rootfs: Clearing orphaned inode 518230 (uid=114, gid=120, mode=0100600, size=262144)
cloudimg-rootfs: clean, 248156/5120000 files, 2349651/10485499 blocks
done.
[    8.704875] EXT4-fs (sda1): mounted filesystem with ordered data mode. Opts: (null)
done.
Begin: Running /scripts/local-bottom ... done.
Begin: Running /scripts/init-bottom ... done.
[    8.901384] ip_tables: (C) 2000-2006 Netfilter Core Team
[    8.909435] systemd[1]: systemd 237 running in system mode. (+PAM +AUDIT +SELINUX +IMA +APPARMOR +SMACK +SYSVINIT +UTMP +LIBCRYPTSETUP +GCRYPT +GNUTLS +ACL +XZ +LZ4 +SECCOMP +BLKID +ELFUTILS +KMOD -IDN2 +IDN -PCRE2 default-hierarchy=hybrid)
[    8.914871] systemd[1]: Detected virtualization oracle.
[    8.917122] systemd[1]: Detected architecture x86-64.

Welcome to [1mUbuntu 18.04.6 LTS[0m!

[    8.924632] systemd[1]: Set hostname to <ubuntu-bionic>.
[    9.466717] systemd[1]: Reached target System Time Synchronized.
[[0;32m  OK  [0m] Reached target System Time Synchronized.
[    9.480217] systemd[1]: Reached target Swap.
[[0;32m  OK  [0m] Reached target Swap.
[    9.494700] systemd[1]: Created slice System Slice.
[[0;32m  OK  [0m] Created slice System Slice.
[    9.508677] systemd[1]: Listening on Journal Socket.
[[0;32m  OK  [0m] Listening on Journal Socket.
[    9.510473] systemd[1]: Listening on /dev/initctl Compatibility Named Pipe.
[[0;32m  OK  [0m] Listening on /dev/initctl Compatibility Named Pipe.
[    9.515978] systemd[1]: Mounting Kernel Debug File System...
         Mounting Kernel Debug File System...
         Starting Load Kernel Modules...
[[0;32m  OK  [0m] Listening on Journal Audit Socket.
[[0;32m  OK  [0m] Listening on fsck to fsckd communication Socket.
[[0;32m  OK  [0m] Listening on Journal Socket (/dev/log).
         Starting Set the console keyboard layout...
[[0;32m  OK  [0m] Listening on Device-mapper event daemon FIFOs.
[[0;32m  OK  [0m] Reached target User and Group Name Lookups.
[[0;32m  OK  [0m] Created slice User and Session Slice.
[[0;32m  OK  [0m] Reached target Slices.
[[0;32m  OK  [0m] Listening on udev Kernel Socket.
[[0;32m  OK  [0m] Listening on udev Control Socket.
         Starting udev Coldplug all Devices...
[    9.552012] Loading iSCSI transport class v2.0-870.
[[0;32m  OK  [0m] Listening on Network Service Netlink Socket.
[[0;32m  OK  [0m] Listening on LVM2 poll daemon socket.
[[0;32m  OK  [0m] Started Forward Password Requests to Wall Directory Watch.
         Starting Remount Root and Kernel File Systems...
         Mounting Huge Pages File System...
         Starting Create list of required st…ce nodes for the current kernel...
[[0;32m  OK  [0m] Set up automount Arbitrary Executab…rmats File System Automount Point.
[[0;32m  OK  [0m] Created slice system-serial\x2dgetty.slice.
         Mounting POSIX Message Queue File System...
[[0;32m  OK  [0m] Listening on LVM2 metadata daemon socket.
         Starting Monitoring of LVM2 mirrors…ng dmeventd or progress polling...
[    9.601309] EXT4-fs (sda1): re-mounted. Opts: (null)
[    9.602502] iscsi: registered transport (tcp)
[[0;32m  OK  [0m] Listening on Syslog Socket.
         Starting Journal Service...
         Starting Uncomplicated firewall...
[[0;32m  OK  [0m] Mounted Kernel Debug File System.
[[0;32m  OK  [0m] Started Remount Root and Kernel File Systems.
[[0;32m  OK  [0m] Mounted Huge Pages File System.
[[0;32m  OK  [0m] Started Create list of required sta…vice nodes for the current kernel.
[[0;32m  OK  [0m] Mounted POSIX Message Queue File System.
[[0;32m  OK  [0m] Started LVM2 metadata daemon.
         Starting Create Static Device Nodes in /dev...
         Starting Load/Save Random Seed...
[    9.766720] iscsi: registered transport (iser)
[[0;32m  OK  [0m] Started Journal Service.
[[0;32m  OK  [0m] Started Load Kernel Modules.
[[0;32m  OK  [0m] Started udev Coldplug all Devices.
[[0;32m  OK  [0m] Started Create Static Device Nodes in /dev.
         Starting udev Kernel Device Manager...
         Mounting Kernel Configuration File System...
         Mounting FUSE Control File System...
         Starting Apply Kernel Variables...
         Starting Flush Journal to Persistent Storage...
[[0;32m  OK  [0m] Started Uncomplicated firewall.
[[0;32m  OK  [0m] Mounted Kernel Configuration File System.
[[0;32m  OK  [0m] Mounted FUSE Control File System.
[[0;32m  OK  [0m] Started udev Kernel Device Manager.
[[0;32m  OK  [0m] Started Load/Save Random Seed.
[[0;32m  OK  [0m] Started Apply Kernel Variables.
[[0;32m  OK  [0m] Started Monitoring of LVM2 mirrors,…sing dmeventd or progress polling.
[[0;32m  OK  [0m] Started Set the console keyboard layout.
[[0;32m  OK  [0m] Reached target Local File Systems (Pre).
[[0;32m  OK  [0m] Reached target Local File Systems.
         Starting Set console font and keymap...
         Starting Tell Plymouth To Write Out Runtime Data...
         Starting ebtables ruleset management...
         Starting AppArmor initialization...
[[0;32m  OK  [0m] Started Dispatch Password Requests to Console Directory Watch.
[[0;32m  OK  [0m] Reached target Local Encrypted Volumes.
[[0;32m  OK  [0m] Started Set console font and keymap.
[[0;32m  OK  [0m] Started Tell Plymouth To Write Out Runtime Data.
[[0;32m  OK  [0m] Started Flush Journal to Persistent Storage.
         Starting Create Volatile Files and Directories...
[[0;32m  OK  [0m] Started Create Volatile Files and Directories.
         Starting Update UTMP about System Boot/Shutdown...
[[0;32m  OK  [0m] Started Update UTMP about System Boot/Shutdown.
[[0;32m  OK  [0m] Started ebtables ruleset management.
[[0;32m  OK  [0m] Started AppArmor initialization.
         Starting Initial cloud-init job (pre-networking)...
         Starting Load AppArmor profiles managed internally by snapd...
[[0;32m  OK  [0m] Found device /dev/ttyS0.
         Mounting Arbitrary Executable File Formats File System...
[[0;32m  OK  [0m] Mounted Arbitrary Executable File Formats File System.
[[0;32m  OK  [0m] Started Load AppArmor profiles managed internally by snapd.
[[0;32m  OK  [0m] Listening on Load/Save RF Kill Switch Status /dev/rfkill Watch.
[   13.413808] cloud-init[531]: Cloud-init v. 22.2-0ubuntu1~18.04.3 running 'init-local' at Tue, 11 Apr 2023 09:57:45 +0000. Up 12.93 seconds.
[[0;32m  OK  [0m] Started Initial cloud-init job (pre-networking).
[[0;32m  OK  [0m] Reached target Network (Pre).
         Starting Network Service...
[[0;32m  OK  [0m] Started Network Service.
         Starting Wait for Network to be Configured...
         Starting Network Name Resolution...
[[0;32m  OK  [0m] Started Network Name Resolution.
[[0;32m  OK  [0m] Reached target Host and Network Name Lookups.
[[0;32m  OK  [0m] Started Wait for Network to be Configured.
         Starting Initial cloud-init job (metadata service crawler)...
[   16.559125] cloud-init[724]: Cloud-init v. 22.2-0ubuntu1~18.04.3 running 'init' at Tue, 11 Apr 2023 09:57:48 +0000. Up 16.26 seconds.
[   16.561469] cloud-init[724]: ci-info: ++++++++++++++++++++++++++++++++++++++Net device info++++++++++++++++++++++++++++++++++++++
[   16.572316] cloud-init[724]: ci-info: +--------+------+----------------------------+---------------+--------+-------------------+
[   16.573639] cloud-init[724]: ci-info: | Device |  Up  |          Address           |      Mask     | Scope  |     Hw-Address    |
[   16.575002] cloud-init[724]: ci-info: +--------+------+----------------------------+---------------+--------+-------------------+
[   16.578169] cloud-init[724]: ci-info: | enp0s3 | True |         10.0.2.15          | 255.255.255.0 | global | 02:36:1c:f2:a8:92 |
[   16.579722] cloud-init[724]: ci-info: | enp0s3 | True | fe80::36:1cff:fef2:a892/64 |       .       |  link  | 02:36:1c:f2:a8:92 |
[   16.582401] cloud-init[724]: ci-info: |   lo   | True |         127.0.0.1          |   255.0.0.0   |  host  |         .         |
[   16.584829] cloud-init[724]: ci-info: |   lo   | True |          ::1/128           |       .       |  host  |         .         |
[   16.596259] cloud-init[724]: ci-info: +--------+------+----------------------------+---------------+--------+-------------------+
[   16.608392] cloud-init[724]: ci-info: ++++++++++++++++++++++++++++Route IPv4 info+++++++++++++++++++++++++++++
[   16.620525] cloud-init[724]: ci-info: +-------+-------------+----------+-----------------+-----------+-------+
[   16.621701] cloud-init[724]: ci-info: | Route | Destination | Gateway  |     Genmask     | Interface | Flags |
[   16.623064] cloud-init[724]: ci-info: +-------+-------------+----------+-----------------+-----------+-------+
[   16.626268] cloud-init[724]: ci-info: |   0   |   0.0.0.0   | 10.0.2.2 |     0.0.0.0     |   enp0s3  |   UG  |
[   16.628221] cloud-init[724]: ci-info: |   1   |   10.0.2.0  | 0.0.0.0  |  255.255.255.0  |   enp0s3  |   U   |
[   16.640476] cloud-init[724]: ci-info: |   2   |   10.0.2.2  | 0.0.0.0  | 255.255.255.255 |   enp0s3  |   UH  |
[   16.641827] cloud-init[724]: ci-info: +-------+-------------+----------+-----------------+-----------+-------+
[   16.643148] cloud-init[724]: ci-info: +++++++++++++++++++Route IPv6 info+++++++++++++++++++
[   16.656427] cloud-init[724]: ci-info: +-------+-------------+---------+-----------+-------+
[   16.658257] cloud-init[724]: ci-info: | Route | Destination | Gateway | Interface | Flags |
[   16.660365] cloud-init[724]: ci-info: +-------+-------------+---------+-----------+-------+
[   16.661953] cloud-init[724]: ci-info: |   1   |  fe80::/64  |    ::   |   enp0s3  |   U   |
[   16.663081] cloud-init[724]: ci-info: |   3   |    local    |    ::   |   enp0s3  |   U   |
[   16.665195] cloud-init[724]: ci-info: |   4   |   ff00::/8  |    ::   |   enp0s3  |   U   |
[   16.668834] cloud-init[724]: ci-info: +-------+-------------+---------+-----------+-------+
[[0;32m  OK  [0m] Started Initial cloud-init job (metadata service crawler).
[[0;32m  OK  [0m] Reached target Cloud-config availability.
[[0;32m  OK  [0m] Reached target System Initialization.
[[0;32m  OK  [0m] Listening on UUID daemon activation socket.
[[0;32m  OK  [0m] Listening on cloud-init hotplug hook socket.
[[0;32m  OK  [0m] Started ACPI Events Check.
[[0;32m  OK  [0m] Listening on Open-iSCSI iscsid Socket.
[[0;32m  OK  [0m] Started Discard unused blocks once a week.
[[0;32m  OK  [0m] Started Ubuntu Advantage Timer for running repeated jobs.
[[0;32m  OK  [0m] Listening on D-Bus System Message Bus Socket.
[[0;32m  OK  [0m] Started Daily apt download activities.
[[0;32m  OK  [0m] Started Trigger to poll for Ubuntu …(Only enabled on GCP LTS non-pro).
[[0;32m  OK  [0m] Reached target Paths.
         Starting LXD - unix socket.
[[0;32m  OK  [0m] Started Trigger anacron every hour.
[[0;32m  OK  [0m] Started Daily apt upgrade and clean activities.
[[0;32m  OK  [0m] Started Message of the Day.
[[0;32m  OK  [0m] Listening on ACPID Listen Socket.
[[0;32m  OK  [0m] Started Daily Cleanup of Temporary Directories.
[[0;32m  OK  [0m] Reached target Timers.
         Starting Socket activation for snappy daemon.
[[0;32m  OK  [0m] Listening on LXD - unix socket.
[[0;32m  OK  [0m] Listening on Socket activation for snappy daemon.
[[0;32m  OK  [0m] Reached target Sockets.
[[0;32m  OK  [0m] Reached target Basic System.
         Starting Detect the available GPUs and deal with any system changes...
         Starting vboxadd.service...
[[0;32m  OK  [0m] Started Deferred execution scheduler.
[[0;32m  OK  [0m] Started FUSE filesystem for LXC.
         Starting Accounts Service...
         Starting LSB: Record successful boot for GRUB...
         Starting System Logging Service...
         Starting Disk Manager...
         Starting Dispatcher daemon for systemd-networkd...
[[0;32m  OK  [0m] Started Run anacron jobs.
[[0;32m  OK  [0m] Reached target Login Prompts (Pre).
[[0;32m  OK  [0m] Started D-Bus System Message Bus.
         Starting WPA supplicant...
         Starting Network Manager...
         Starting Daily apt upgrade and clean activities...
[[0;32m  OK  [0m] Started Regular background program processing daemon.
         Starting Snap Daemon...
[[0;32m  OK  [0m] Started irqbalance daemon.
         Starting Login Service...
         Starting LXD - container startup/shutdown...
[[0;32m  OK  [0m] Started System Logging Service.
[[0;32m  OK  [0m] Started Detect the available GPUs and deal with any system changes.
[[0;32m  OK  [0m] Started WPA supplicant.
         Starting Authorization Manager...
[[0;32m  OK  [0m] Started Login Service.
[[0;32m  OK  [0m] Started Authorization Manager.
[[0;32m  OK  [0m] Started Accounts Service.
         Starting Hostname Service...
[[0;32m  OK  [0m] Started LSB: Record successful boot for GRUB.
[[0;32m  OK  [0m] Started Disk Manager.
[[0;32m  OK  [0m] Started Hostname Service.
[[0;32m  OK  [0m] Started LXD - container startup/shutdown.
[[0;32m  OK  [0m] Started Network Manager.
         Starting Network Manager Wait Online...
[[0;32m  OK  [0m] Reached target Network.
[[0;32m  OK  [0m] Started Unattended Upgrades Shutdown.
[[0;32m  OK  [0m] Started Dispatcher daemon for systemd-networkd.
         Starting Network Manager Script Dispatcher Service...
[[0;32m  OK  [0m] Started Network Manager Script Dispatcher Service.
[[0;32m  OK  [0m] Started Network Manager Wait Online.
[[0;32m  OK  [0m] Reached target Network is Online.
         Starting OpenBSD Secure Shell server...
         Starting Availability of block devices...
[[0;32m  OK  [0m] Reached target Remote File Systems (Pre).
         Mounting /home/vagrant/shared...
         Mounting /vagrant...
[[0;32m  OK  [0m] Started Availability of block devices.
[[0;32m  OK  [0m] Started OpenBSD Secure Shell server.
[[0;1;31mFAILED[0m] Failed to mount /vagrant.
See 'systemctl status vagrant.mount' for details.
[[0;1;33mDEPEND[0m] Dependency failed for Remote File Systems.
         Starting Permit User Sessions...
         Starting LSB: automatic crash report generation...
[[0;32m  OK  [0m] Mounted /home/vagrant/shared.
[[0;32m  OK  [0m] Started Permit User Sessions.
         Starting Hold until boot process finishes up...
[[0;32m  OK  [0m] Started Hold until boot process finishes up.
[[0;32m  OK  [0m] Started Serial Getty on ttyS0.
[[0;32m  OK  [0m] Reached target Login Prompts.
         Starting Set console scheme...
[[0;32m  OK  [0m] Started Set console scheme.
[[0;32m  OK  [0m] Created slice system-getty.slice.
[[0;32m  OK  [0m] Started LSB: automatic crash report generation.
[[0;32m  OK  [0m] Created slice User Slice of vagrant.
[[0;32m  OK  [0m] Started Session 1 of user vagrant.
         Starting User Manager for UID 1000...
[[0;32m  OK  [0m] Started Snap Daemon.
         Starting Wait until snapd is fully seeded...
         Starting Time & Date Service...
[[0;32m  OK  [0m] Started Time & Date Service.
[[0;32m  OK  [0m] Started Wait until snapd is fully seeded.
         Starting Apply the settings specified in cloud-config...
[[0;32m  OK  [0m] Started User Manager for UID 1000.
[[0;32m  OK  [0m] Started vboxadd.service.
         Starting vboxadd-service.service...
         Starting GNOME Display Manager...
[[0;32m  OK  [0m] Started GNOME Display Manager.
[[0;32m  OK  [0m] Started vboxadd-service.service.
[[0;32m  OK  [0m] Reached target Multi-User System.
[[0;32m  OK  [0m] Reached target Graphical Interface.
         Starting Update UTMP about System Runlevel Changes...
[[0;32m  OK  [0m] Started Update UTMP about System Runlevel Changes.
[   23.108545] cloud-init[1254]: Cloud-init v. 22.2-0ubuntu1~18.04.3 running 'modules:config' at Tue, 11 Apr 2023 09:57:55 +0000. Up 22.46 seconds.
[[0;32m  OK  [0m] Started Apply the settings specified in cloud-config.
         Starting Execute cloud user/final scripts...
[[0;32m  OK  [0m] Created slice User Slice of gdm.
         Starting User Manager for UID 114...
[[0;32m  OK  [0m] Started Session c1 of user gdm.
[[0;32m  OK  [0m] Started User Manager for UID 114.
         Starting Daemon for power management...

Ubuntu 18.04.6 LTS ubuntu-bionic ttyS0

ubuntu-bionic login: [   25.512690] cloud-init[1536]: Cloud-init v. 22.2-0ubuntu1~18.04.3 running 'modules:final' at Tue, 11 Apr 2023 09:57:57 +0000. Up 24.77 seconds.
[   25.513035] cloud-init[1536]: Cloud-init v. 22.2-0ubuntu1~18.04.3 finished at Tue, 11 Apr 2023 09:57:58 +0000. Datasource DataSourceNoCloud [seed=/dev/sdb][dsmode=net].  Up 25.43 seconds
